<?xml version="1.0" encoding="UTF-8"?>
<!-- Generated by org.testng.reporters.JUnitXMLReporter -->
<testsuite hostname="SVRODK00184" ignored="0" name="API tests" tests="3" failures="0" timestamp="25 Jan 2019 12:40:30 GMT" time="3.153" errors="0">
  <testcase name="feature" time="1.918" classname="cucumber.api.testng.AbstractTestNGCucumberTests"/>
  <testcase name="feature" time="0.517" classname="cucumber.api.testng.AbstractTestNGCucumberTests"/>
  <testcase name="feature" time="0.517" classname="cucumber.api.testng.AbstractTestNGCucumberTests"/>
</testsuite> <!-- API tests -->
