<?xml version="1.0" encoding="UTF-8"?>
<testng-results skipped="0" failed="0" ignored="0" total="3" passed="3">
  <reporter-output>
  </reporter-output>
  <suite name="Default Suite" duration-ms="3153" started-at="2019-01-25T12:40:27Z" finished-at="2019-01-25T12:40:30Z">
    <groups>
      <group name="cucumber">
        <method signature="AbstractTestNGCucumberTests.feature(cucumber.api.testng.CucumberFeatureWrapper)[pri:0, instance:runner.TestRunner@7946e1f4]" name="feature" class="cucumber.api.testng.AbstractTestNGCucumberTests"/>
      </group> <!-- cucumber -->
    </groups>
    <test name="API tests" duration-ms="3153" started-at="2019-01-25T12:40:27Z" finished-at="2019-01-25T12:40:30Z">
      <class name="runner.TestRunner">
        <test-method status="PASS" signature="setUpClass()[pri:0, instance:runner.TestRunner@7946e1f4]" name="setUpClass" is-config="true" duration-ms="132" started-at="2019-01-25T12:40:27Z" finished-at="2019-01-25T12:40:27Z">
          <reporter-output>
          </reporter-output>
        </test-method> <!-- setUpClass -->
        <test-method status="PASS" signature="feature(cucumber.api.testng.CucumberFeatureWrapper)[pri:0, instance:runner.TestRunner@7946e1f4]" name="feature" duration-ms="1918" started-at="2019-01-25T12:40:27Z" description="Runs Cucumber Feature" data-provider="features" finished-at="2019-01-25T12:40:29Z">
          <params>
            <param index="0">
              <value>
                <![CDATA[POST]]>
              </value>
            </param>
          </params>
          <reporter-output>
          </reporter-output>
        </test-method> <!-- feature -->
        <test-method status="PASS" signature="feature(cucumber.api.testng.CucumberFeatureWrapper)[pri:0, instance:runner.TestRunner@7946e1f4]" name="feature" duration-ms="517" started-at="2019-01-25T12:40:29Z" description="Runs Cucumber Feature" data-provider="features" finished-at="2019-01-25T12:40:29Z">
          <params>
            <param index="0">
              <value>
                <![CDATA[GET]]>
              </value>
            </param>
          </params>
          <reporter-output>
          </reporter-output>
        </test-method> <!-- feature -->
        <test-method status="PASS" signature="feature(cucumber.api.testng.CucumberFeatureWrapper)[pri:0, instance:runner.TestRunner@7946e1f4]" name="feature" duration-ms="517" started-at="2019-01-25T12:40:29Z" description="Runs Cucumber Feature" data-provider="features" finished-at="2019-01-25T12:40:30Z">
          <params>
            <param index="0">
              <value>
                <![CDATA[DELETE]]>
              </value>
            </param>
          </params>
          <reporter-output>
          </reporter-output>
        </test-method> <!-- feature -->
        <test-method status="PASS" signature="tearDownClass()[pri:0, instance:runner.TestRunner@7946e1f4]" name="tearDownClass" is-config="true" duration-ms="0" started-at="2019-01-25T12:40:30Z" finished-at="2019-01-25T12:40:30Z">
          <reporter-output>
          </reporter-output>
        </test-method> <!-- tearDownClass -->
      </class> <!-- runner.TestRunner -->
    </test> <!-- API tests -->
  </suite> <!-- Default Suite -->
</testng-results>
